Determining if the pthread_create exist failed with the following output:
Change Dir: /home/marko/_detection_module2/detection_module/build/CMakeFiles/CMakeTmp

Run Build Command:/usr/bin/make "cmTryCompileExec2826193032/fast"
/usr/bin/make -f CMakeFiles/cmTryCompileExec2826193032.dir/build.make CMakeFiles/cmTryCompileExec2826193032.dir/build
make[1]: Entering directory `/home/marko/_detection_module2/detection_module/build/CMakeFiles/CMakeTmp'
/usr/bin/cmake -E cmake_progress_report /home/marko/_detection_module2/detection_module/build/CMakeFiles/CMakeTmp/CMakeFiles 1
Building C object CMakeFiles/cmTryCompileExec2826193032.dir/CheckSymbolExists.c.o
/usr/bin/cc    -o CMakeFiles/cmTryCompileExec2826193032.dir/CheckSymbolExists.c.o   -c /home/marko/_detection_module2/detection_module/build/CMakeFiles/CMakeTmp/CheckSymbolExists.c
Linking C executable cmTryCompileExec2826193032
/usr/bin/cmake -E cmake_link_script CMakeFiles/cmTryCompileExec2826193032.dir/link.txt --verbose=1
/usr/bin/cc       CMakeFiles/cmTryCompileExec2826193032.dir/CheckSymbolExists.c.o  -o cmTryCompileExec2826193032 -rdynamic 
CMakeFiles/cmTryCompileExec2826193032.dir/CheckSymbolExists.c.o: In function `main':
CheckSymbolExists.c:(.text+0x16): undefined reference to `pthread_create'
collect2: error: ld returned 1 exit status
make[1]: *** [cmTryCompileExec2826193032] Error 1
make[1]: Leaving directory `/home/marko/_detection_module2/detection_module/build/CMakeFiles/CMakeTmp'
make: *** [cmTryCompileExec2826193032/fast] Error 2

File /home/marko/_detection_module2/detection_module/build/CMakeFiles/CMakeTmp/CheckSymbolExists.c:
/* */
#include <pthread.h>

int main(int argc, char** argv)
{
  (void)argv;
#ifndef pthread_create
  return ((int*)(&pthread_create))[argc];
#else
  (void)argc;
  return 0;
#endif
}

Determining if the function pthread_create exists in the pthreads failed with the following output:
Change Dir: /home/marko/_detection_module2/detection_module/build/CMakeFiles/CMakeTmp

Run Build Command:/usr/bin/make "cmTryCompileExec453108928/fast"
/usr/bin/make -f CMakeFiles/cmTryCompileExec453108928.dir/build.make CMakeFiles/cmTryCompileExec453108928.dir/build
make[1]: Entering directory `/home/marko/_detection_module2/detection_module/build/CMakeFiles/CMakeTmp'
/usr/bin/cmake -E cmake_progress_report /home/marko/_detection_module2/detection_module/build/CMakeFiles/CMakeTmp/CMakeFiles 1
Building C object CMakeFiles/cmTryCompileExec453108928.dir/CheckFunctionExists.c.o
/usr/bin/cc   -DCHECK_FUNCTION_EXISTS=pthread_create   -o CMakeFiles/cmTryCompileExec453108928.dir/CheckFunctionExists.c.o   -c /usr/share/cmake-2.8/Modules/CheckFunctionExists.c
Linking C executable cmTryCompileExec453108928
/usr/bin/cmake -E cmake_link_script CMakeFiles/cmTryCompileExec453108928.dir/link.txt --verbose=1
/usr/bin/cc   -DCHECK_FUNCTION_EXISTS=pthread_create    CMakeFiles/cmTryCompileExec453108928.dir/CheckFunctionExists.c.o  -o cmTryCompileExec453108928 -rdynamic -lpthreads 
/usr/bin/ld: cannot find -lpthreads
collect2: error: ld returned 1 exit status
make[1]: *** [cmTryCompileExec453108928] Error 1
make[1]: Leaving directory `/home/marko/_detection_module2/detection_module/build/CMakeFiles/CMakeTmp'
make: *** [cmTryCompileExec453108928/fast] Error 2


